<?xml version="1.0" encoding="UTF-8"?>
<testng-results skipped="0" failed="0" ignored="0" total="0" passed="0">
  <reporter-output>
  </reporter-output>
  <suite name="Potbelly client on firefox browser" duration-ms="7" started-at="2017-03-15T20:38:58Z" finished-at="2017-03-15T20:38:58Z">
    <groups>
    </groups>
    <test name="home Page" duration-ms="7" started-at="2017-03-15T20:38:58Z" finished-at="2017-03-15T20:38:58Z">
    </test> <!-- home Page -->
  </suite> <!-- Potbelly client on firefox browser -->
</testng-results>
